info: ::1 - - [22/May/2025:06:10:42 +0000] "POST /api/v1/users/login HTTP/1.1" 200 255 "-" "PostmanRuntime/7.44.0"

info: ::1 - - [22/May/2025:06:11:14 +0000] "POST /api/v1/notes HTTP/1.1" 404 47 "-" "PostmanRuntime/7.44.0"

info: ::1 - - [22/May/2025:06:11:34 +0000] "POST /api/v1/note HTTP/1.1" 500 59 "-" "PostmanRuntime/7.44.0"

info: ::1 - - [22/May/2025:06:12:16 +0000] "POST /api/v1/note HTTP/1.1" 500 82 "-" "PostmanRuntime/7.44.0"

info: ::1 - - [22/May/2025:06:12:59 +0000] "POST /api/v1/note HTTP/1.1" 400 116 "-" "PostmanRuntime/7.44.0"

info: ::1 - - [22/May/2025:06:30:12 +0000] "POST /api/v1/note HTTP/1.1" 201 65 "-" "PostmanRuntime/7.44.0"

info: ::1 - - [22/May/2025:08:03:18 +0000] "POST /api/v1/users/login HTTP/1.1" 200 255 "-" "PostmanRuntime/7.44.0"

info: ::1 - - [22/May/2025:08:03:38 +0000] "PUT /api/v1/note HTTP/1.1" 400 95 "-" "PostmanRuntime/7.44.0"

info: ::1 - - [22/May/2025:08:06:43 +0000] "PUT /api/v1/note HTTP/1.1" 400 120 "-" "PostmanRuntime/7.44.0"

info: ::1 - - [22/May/2025:08:07:20 +0000] "PUT /api/v1/note/1 HTTP/1.1" 404 47 "-" "PostmanRuntime/7.44.0"

info: ::1 - - [22/May/2025:08:08:57 +0000] "PUT /api/v1/note/1 HTTP/1.1" 200 65 "-" "PostmanRuntime/7.44.0"

info: ::1 - - [22/May/2025:10:01:25 +0000] "POST /api/v1/users/login HTTP/1.1" 200 255 "-" "PostmanRuntime/7.44.0"

info: ::1 - - [22/May/2025:10:01:47 +0000] "GET /api/v1/note HTTP/1.1" 200 65 "-" "PostmanRuntime/7.44.0"

info: ::1 - - [22/May/2025:10:02:00 +0000] "GET /api/v1/note HTTP/1.1" 200 65 "-" "PostmanRuntime/7.44.0"

info: ::1 - - [22/May/2025:10:03:13 +0000] "GET /api/v1/note HTTP/1.1" 200 277 "-" "PostmanRuntime/7.44.0"

info: ::1 - - [22/May/2025:10:11:32 +0000] "GET /api/v1/note/1 HTTP/1.1" 500 84 "-" "PostmanRuntime/7.44.0"

info: ::1 - - [22/May/2025:10:11:46 +0000] "GET /api/v1/note/1 HTTP/1.1" 500 84 "-" "PostmanRuntime/7.44.0"

info: ::1 - - [22/May/2025:10:11:58 +0000] "POST /api/v1/users/login HTTP/1.1" 200 255 "-" "PostmanRuntime/7.44.0"

info: ::1 - - [22/May/2025:10:12:12 +0000] "GET /api/v1/note/1 HTTP/1.1" 500 84 "-" "PostmanRuntime/7.44.0"

info: ::1 - - [22/May/2025:10:13:14 +0000] "GET /api/v1/note/1 HTTP/1.1" 200 275 "-" "PostmanRuntime/7.44.0"

