info: ::1 - - [23/May/2025:05:40:26 +0000] "POST /api/v1/users/login HTTP/1.1" 200 255 "-" "PostmanRuntime/7.44.0"

info: ::1 - - [23/May/2025:05:41:00 +0000] "POST /api/v1/note HTTP/1.1" 201 65 "-" "PostmanRuntime/7.44.0"

info: ::1 - - [23/May/2025:05:41:07 +0000] "GET /api/v1/note HTTP/1.1" 500 46 "-" "PostmanRuntime/7.44.0"

info: ::1 - - [23/May/2025:05:41:16 +0000] "GET /api/v1/note HTTP/1.1" 200 276 "-" "PostmanRuntime/7.44.0"

info: ::1 - - [23/May/2025:05:42:06 +0000] "POST /api/v1/note HTTP/1.1" 201 65 "-" "PostmanRuntime/7.44.0"

info: ::1 - - [23/May/2025:05:42:13 +0000] "GET /api/v1/note HTTP/1.1" 200 483 "-" "PostmanRuntime/7.44.0"

info: ::1 - - [23/May/2025:05:42:25 +0000] "GET /api/v1/note/3 HTTP/1.1" 500 46 "-" "PostmanRuntime/7.44.0"

info: ::1 - - [23/May/2025:05:42:54 +0000] "GET /api/v1/note/3 HTTP/1.1" 500 55 "-" "PostmanRuntime/7.44.0"

info: ::1 - - [23/May/2025:05:43:10 +0000] "GET /api/v1/note/3 HTTP/1.1" 200 269 "-" "PostmanRuntime/7.44.0"

info: ::1 - - [23/May/2025:05:43:32 +0000] "PATCH /api/v1/note/archive/1 HTTP/1.1" 500 46 "-" "PostmanRuntime/7.44.0"

info: ::1 - - [23/May/2025:05:43:42 +0000] "PATCH /api/v1/note/archive/3 HTTP/1.1" 200 62 "-" "PostmanRuntime/7.44.0"

info: ::1 - - [23/May/2025:05:43:50 +0000] "GET /api/v1/note/3 HTTP/1.1" 200 268 "-" "PostmanRuntime/7.44.0"

info: ::1 - - [23/May/2025:05:43:56 +0000] "PATCH /api/v1/note/archive/3 HTTP/1.1" 200 62 "-" "PostmanRuntime/7.44.0"

info: ::1 - - [23/May/2025:05:44:00 +0000] "GET /api/v1/note/3 HTTP/1.1" 200 269 "-" "PostmanRuntime/7.44.0"

info: ::1 - - [23/May/2025:07:57:03 +0000] "POST /api/v1/users/login HTTP/1.1" 200 255 "-" "PostmanRuntime/7.44.0"

info: ::1 - - [23/May/2025:07:57:23 +0000] "POST /api/v1/label HTTP/1.1" 400 89 "-" "PostmanRuntime/7.44.0"

info: ::1 - - [23/May/2025:07:58:40 +0000] "POST /api/v1/label HTTP/1.1" 400 89 "-" "PostmanRuntime/7.44.0"

info: ::1 - - [23/May/2025:07:59:52 +0000] "POST /api/v1/label HTTP/1.1" 400 89 "-" "PostmanRuntime/7.44.0"

info: ::1 - - [23/May/2025:08:00:48 +0000] "POST /api/v1/label HTTP/1.1" 400 89 "-" "PostmanRuntime/7.44.0"

info: ::1 - - [23/May/2025:08:00:53 +0000] "POST /api/v1/label HTTP/1.1" 400 89 "-" "PostmanRuntime/7.44.0"

info: ::1 - - [23/May/2025:08:01:39 +0000] "POST /api/v1/label HTTP/1.1" 400 89 "-" "PostmanRuntime/7.44.0"

info: ::1 - - [23/May/2025:08:01:41 +0000] "POST /api/v1/label HTTP/1.1" 400 89 "-" "PostmanRuntime/7.44.0"

info: ::1 - - [23/May/2025:08:03:46 +0000] "POST /api/v1/label HTTP/1.1" 201 66 "-" "PostmanRuntime/7.44.0"

info: ::1 - - [23/May/2025:08:27:31 +0000] "POST /api/v1/users/login HTTP/1.1" 200 255 "-" "PostmanRuntime/7.44.0"

info: ::1 - - [23/May/2025:08:28:10 +0000] "POST /api/v1/label HTTP/1.1" 500 60 "-" "PostmanRuntime/7.44.0"

info: ::1 - - [23/May/2025:08:28:30 +0000] "GET /api/v1/label HTTP/1.1" 404 47 "-" "PostmanRuntime/7.44.0"

info: ::1 - - [23/May/2025:08:28:59 +0000] "GET /api/v1/label HTTP/1.1" 400 94 "-" "PostmanRuntime/7.44.0"

info: ::1 - - [23/May/2025:08:31:22 +0000] "GET /api/v1/label HTTP/1.1" 400 97 "-" "PostmanRuntime/7.44.0"

info: ::1 - - [23/May/2025:08:31:24 +0000] "GET /api/v1/label HTTP/1.1" 400 97 "-" "PostmanRuntime/7.44.0"

info: ::1 - - [23/May/2025:08:34:04 +0000] "GET /api/v1/label HTTP/1.1" 200 67 "-" "PostmanRuntime/7.44.0"

info: ::1 - - [23/May/2025:08:34:41 +0000] "GET /api/v1/label HTTP/1.1" 200 214 "-" "PostmanRuntime/7.44.0"

info: ::1 - - [23/May/2025:08:44:44 +0000] "GET /api/v1/label/1 HTTP/1.1" 200 213 "-" "PostmanRuntime/7.44.0"

info: ::1 - - [23/May/2025:08:45:21 +0000] "GET /api/v1/label HTTP/1.1" 200 214 "-" "PostmanRuntime/7.44.0"

