info: Server started at http://localhost:5000/api/v1/ {"timestamp":"2025-05-25T06:10:45.828Z"}
info: Connected to the database. {"timestamp":"2025-05-25T06:10:46.283Z"}
info: Connected to the database. {"timestamp":"2025-05-25T06:11:57.266Z"}
info: Server started at http://localhost:5000/api/v1/ {"timestamp":"2025-05-25T06:14:28.650Z"}
info: Connected to the database. {"timestamp":"2025-05-25T06:14:29.159Z"}
error: 
    status - 500 
    message - ValidationError: "noteId" is required 
    url - /api/v1//collaborator 
    method - GET 
    IP - ::1
   {"timestamp":"2025-05-25T06:15:46.774Z"}
info: Server started at http://localhost:5000/api/v1/ {"timestamp":"2025-05-25T06:16:20.981Z"}
info: Connected to the database. {"timestamp":"2025-05-25T06:16:21.350Z"}
info: Server started at http://localhost:5000/api/v1/ {"timestamp":"2025-05-25T06:30:18.574Z"}
info: Connected to the database. {"timestamp":"2025-05-25T06:30:19.031Z"}
info: Server started at http://localhost:5000/api/v1/ {"timestamp":"2025-05-25T06:34:43.609Z"}
info: Connected to the database. {"timestamp":"2025-05-25T06:34:44.156Z"}
info: Server started at http://localhost:5000/api/v1/ {"timestamp":"2025-05-25T06:35:49.759Z"}
info: Connected to the database. {"timestamp":"2025-05-25T06:35:50.290Z"}
error: 
    status - 500 
    message - TokenExpiredError: jwt expired
    at C:\Users\PratikBagul\NodeJsProjects\FundooNotes_Backend\node_modules\jsonwebtoken\verify.js:152:21
    at getSecret (C:\Users\PratikBagul\NodeJsProjects\FundooNotes_Backend\node_modules\jsonwebtoken\verify.js:90:14)
    at Object.verify (C:\Users\PratikBagul\NodeJsProjects\FundooNotes_Backend\node_modules\jsonwebtoken\verify.js:94:10)
    at _callee$ (C:\Users\PratikBagul\NodeJsProjects\FundooNotes_Backend\src\middlewares\/auth.middleware.js:24:31)
    at s (C:\Users\PratikBagul\NodeJsProjects\FundooNotes_Backend\node_modules\@babel\runtime\helpers\regeneratorRuntime.js:75:16)
    at Generator.<anonymous> (C:\Users\PratikBagul\NodeJsProjects\FundooNotes_Backend\node_modules\@babel\runtime\helpers\regeneratorRuntime.js:58:19)
    at Generator.next (C:\Users\PratikBagul\NodeJsProjects\FundooNotes_Backend\node_modules\@babel\runtime\helpers\regeneratorRuntime.js:100:21)
    at asyncGeneratorStep (C:\Users\PratikBagul\NodeJsProjects\FundooNotes_Backend\node_modules\@babel\runtime\helpers\asyncToGenerator.js:3:17)
    at _next (C:\Users\PratikBagul\NodeJsProjects\FundooNotes_Backend\node_modules\@babel\runtime\helpers\asyncToGenerator.js:17:9)
    at C:\Users\PratikBagul\NodeJsProjects\FundooNotes_Backend\node_modules\@babel\runtime\helpers\asyncToGenerator.js:22:7
    at new Promise (<anonymous>)
    at apply (C:\Users\PratikBagul\NodeJsProjects\FundooNotes_Backend\node_modules\@babel\runtime\helpers\asyncToGenerator.js:14:12)
    at userAuth (C:\Users\PratikBagul\NodeJsProjects\FundooNotes_Backend\src\middlewares\/auth.middleware.js:14:22)
    at Layer.handle [as handle_request] (C:\Users\PratikBagul\NodeJsProjects\FundooNotes_Backend\node_modules\express\lib\router\layer.js:95:5)
    at next (C:\Users\PratikBagul\NodeJsProjects\FundooNotes_Backend\node_modules\express\lib\router\route.js:149:13)
    at Route.dispatch (C:\Users\PratikBagul\NodeJsProjects\FundooNotes_Backend\node_modules\express\lib\router\route.js:119:3)
    at Layer.handle [as handle_request] (C:\Users\PratikBagul\NodeJsProjects\FundooNotes_Backend\node_modules\express\lib\router\layer.js:95:5)
    at C:\Users\PratikBagul\NodeJsProjects\FundooNotes_Backend\node_modules\express\lib\router\index.js:284:15
    at param (C:\Users\PratikBagul\NodeJsProjects\FundooNotes_Backend\node_modules\express\lib\router\index.js:365:14)
    at param (C:\Users\PratikBagul\NodeJsProjects\FundooNotes_Backend\node_modules\express\lib\router\index.js:376:14)
    at Function.process_params (C:\Users\PratikBagul\NodeJsProjects\FundooNotes_Backend\node_modules\express\lib\router\index.js:421:3)
    at next (C:\Users\PratikBagul\NodeJsProjects\FundooNotes_Backend\node_modules\express\lib\router\index.js:280:10)
    at Function.handle (C:\Users\PratikBagul\NodeJsProjects\FundooNotes_Backend\node_modules\express\lib\router\index.js:175:3)
    at router (C:\Users\PratikBagul\NodeJsProjects\FundooNotes_Backend\node_modules\express\lib\router\index.js:47:12)
    at Layer.handle [as handle_request] (C:\Users\PratikBagul\NodeJsProjects\FundooNotes_Backend\node_modules\express\lib\router\layer.js:95:5)
    at trim_prefix (C:\Users\PratikBagul\NodeJsProjects\FundooNotes_Backend\node_modules\express\lib\router\index.js:328:13)
    at C:\Users\PratikBagul\NodeJsProjects\FundooNotes_Backend\node_modules\express\lib\router\index.js:286:9
    at Function.process_params (C:\Users\PratikBagul\NodeJsProjects\FundooNotes_Backend\node_modules\express\lib\router\index.js:346:12)
    at next (C:\Users\PratikBagul\NodeJsProjects\FundooNotes_Backend\node_modules\express\lib\router\index.js:280:10)
    at Function.handle (C:\Users\PratikBagul\NodeJsProjects\FundooNotes_Backend\node_modules\express\lib\router\index.js:175:3)
    at router (C:\Users\PratikBagul\NodeJsProjects\FundooNotes_Backend\node_modules\express\lib\router\index.js:47:12)
    at Layer.handle [as handle_request] (C:\Users\PratikBagul\NodeJsProjects\FundooNotes_Backend\node_modules\express\lib\router\layer.js:95:5)
    at trim_prefix (C:\Users\PratikBagul\NodeJsProjects\FundooNotes_Backend\node_modules\express\lib\router\index.js:328:13)
    at C:\Users\PratikBagul\NodeJsProjects\FundooNotes_Backend\node_modules\express\lib\router\index.js:286:9
    at Function.process_params (C:\Users\PratikBagul\NodeJsProjects\FundooNotes_Backend\node_modules\express\lib\router\index.js:346:12)
    at next (C:\Users\PratikBagul\NodeJsProjects\FundooNotes_Backend\node_modules\express\lib\router\index.js:280:10)
    at logger (C:\Users\PratikBagul\NodeJsProjects\FundooNotes_Backend\node_modules\morgan\index.js:144:5)
    at Layer.handle [as handle_request] (C:\Users\PratikBagul\NodeJsProjects\FundooNotes_Backend\node_modules\express\lib\router\layer.js:95:5)
    at trim_prefix (C:\Users\PratikBagul\NodeJsProjects\FundooNotes_Backend\node_modules\express\lib\router\index.js:328:13)
    at C:\Users\PratikBagul\NodeJsProjects\FundooNotes_Backend\node_modules\express\lib\router\index.js:286:9
    at Function.process_params (C:\Users\PratikBagul\NodeJsProjects\FundooNotes_Backend\node_modules\express\lib\router\index.js:346:12)
    at next (C:\Users\PratikBagul\NodeJsProjects\FundooNotes_Backend\node_modules\express\lib\router\index.js:280:10)
    at C:\Users\PratikBagul\NodeJsProjects\FundooNotes_Backend\node_modules\body-parser\lib\read.js:137:5
    at AsyncResource.runInAsyncScope (node:async_hooks:211:14)
    at invokeCallback (C:\Users\PratikBagul\NodeJsProjects\FundooNotes_Backend\node_modules\raw-body\index.js:238:16)
    at done (C:\Users\PratikBagul\NodeJsProjects\FundooNotes_Backend\node_modules\raw-body\index.js:227:7)
    at IncomingMessage.onEnd (C:\Users\PratikBagul\NodeJsProjects\FundooNotes_Backend\node_modules\raw-body\index.js:287:7)
    at IncomingMessage.emit (node:events:524:28)
    at IncomingMessage.emit (node:domain:489:12)
    at endReadableNT (node:internal/streams/readable:1698:12) 
    url - /api/v1/label/2 
    method - GET 
    IP - ::1
   {"timestamp":"2025-05-25T06:36:05.422Z"}
