info: Server started at http://localhost:5000/api/v1/ {"timestamp":"2025-05-22T05:16:49.349Z"}
info: Connected to the database. {"timestamp":"2025-05-22T05:16:49.824Z"}
info: Server started at http://localhost:5000/api/v1/ {"timestamp":"2025-05-22T05:18:54.166Z"}
info: Connected to the database. {"timestamp":"2025-05-22T05:18:54.576Z"}
info: Server started at http://localhost:5000/api/v1/ {"timestamp":"2025-05-22T05:19:46.563Z"}
info: Connected to the database. {"timestamp":"2025-05-22T05:19:47.008Z"}
info: Server started at http://localhost:5000/api/v1/ {"timestamp":"2025-05-22T05:59:15.844Z"}
info: Connected to the database. {"timestamp":"2025-05-22T05:59:16.084Z"}
info: Server started at http://localhost:5000/api/v1/ {"timestamp":"2025-05-22T05:59:33.268Z"}
info: Connected to the database. {"timestamp":"2025-05-22T05:59:33.523Z"}
info: Server started at http://localhost:5000/api/v1/ {"timestamp":"2025-05-22T06:02:05.867Z"}
info: Connected to the database. {"timestamp":"2025-05-22T06:02:06.143Z"}
info: Connected to the database. {"timestamp":"2025-05-22T06:03:28.378Z"}
info: Connected to the database. {"timestamp":"2025-05-22T06:03:34.239Z"}
info: Connected to the database. {"timestamp":"2025-05-22T06:03:40.161Z"}
info: Connected to the database. {"timestamp":"2025-05-22T06:05:22.588Z"}
info: Connected to the database. {"timestamp":"2025-05-22T06:07:26.621Z"}
info: Connected to the database. {"timestamp":"2025-05-22T06:07:35.327Z"}
info: Server started at http://localhost:5000/api/v1/ {"timestamp":"2025-05-22T06:08:17.465Z"}
info: Connected to the database. {"timestamp":"2025-05-22T06:08:17.752Z"}
error: 
    status - 500 
    message - ValidationError: "color" is not allowed 
    url - /api/v1/note 
    method - POST 
    IP - ::1
   {"timestamp":"2025-05-22T06:11:34.160Z"}
info: Server started at http://localhost:5000/api/v1/ {"timestamp":"2025-05-22T06:12:15.988Z"}
info: Connected to the database. {"timestamp":"2025-05-22T06:12:16.310Z"}
info: Server started at http://localhost:5000/api/v1/ {"timestamp":"2025-05-22T06:12:55.176Z"}
info: Connected to the database. {"timestamp":"2025-05-22T06:12:55.464Z"}
info: Server started at http://localhost:5000/api/v1/ {"timestamp":"2025-05-22T06:24:45.902Z"}
info: Connected to the database. {"timestamp":"2025-05-22T06:24:46.162Z"}
info: Server started at http://localhost:5000/api/v1/ {"timestamp":"2025-05-22T06:25:43.753Z"}
info: Connected to the database. {"timestamp":"2025-05-22T06:25:44.030Z"}
info: Server started at http://localhost:5000/api/v1/ {"timestamp":"2025-05-22T06:29:31.357Z"}
info: Connected to the database. {"timestamp":"2025-05-22T06:29:31.583Z"}
info: Server started at http://localhost:5000/api/v1/ {"timestamp":"2025-05-22T08:02:10.354Z"}
info: Connected to the database. {"timestamp":"2025-05-22T08:02:10.750Z"}
info: Server started at http://localhost:5000/api/v1/ {"timestamp":"2025-05-22T08:06:32.176Z"}
info: Connected to the database. {"timestamp":"2025-05-22T08:06:32.625Z"}
info: Server started at http://localhost:5000/api/v1/ {"timestamp":"2025-05-22T08:07:14.997Z"}
info: Connected to the database. {"timestamp":"2025-05-22T08:07:15.374Z"}
info: Server started at http://localhost:5000/api/v1/ {"timestamp":"2025-05-22T08:08:53.475Z"}
info: Connected to the database. {"timestamp":"2025-05-22T08:08:53.974Z"}
info: Server started at http://localhost:5000/api/v1/ {"timestamp":"2025-05-22T10:00:59.345Z"}
info: Connected to the database. {"timestamp":"2025-05-22T10:00:59.775Z"}
info: Server started at http://localhost:5000/api/v1/ {"timestamp":"2025-05-22T10:02:48.575Z"}
info: Connected to the database. {"timestamp":"2025-05-22T10:02:49.026Z"}
info: Server started at http://localhost:5000/api/v1/ {"timestamp":"2025-05-22T10:05:12.632Z"}
info: Connected to the database. {"timestamp":"2025-05-22T10:05:13.117Z"}
info: Server started at http://localhost:5000/api/v1/ {"timestamp":"2025-05-22T10:06:42.324Z"}
info: Connected to the database. {"timestamp":"2025-05-22T10:06:42.686Z"}
info: Server started at http://localhost:5000/api/v1/ {"timestamp":"2025-05-22T10:07:28.690Z"}
info: Connected to the database. {"timestamp":"2025-05-22T10:07:29.127Z"}
info: Server started at http://localhost:5000/api/v1/ {"timestamp":"2025-05-22T10:10:16.410Z"}
info: Connected to the database. {"timestamp":"2025-05-22T10:10:16.945Z"}
info: Server started at http://localhost:5000/api/v1/ {"timestamp":"2025-05-22T10:10:36.831Z"}
info: Connected to the database. {"timestamp":"2025-05-22T10:10:37.184Z"}
info: Server started at http://localhost:5000/api/v1/ {"timestamp":"2025-05-22T10:13:14.178Z"}
info: Connected to the database. {"timestamp":"2025-05-22T10:13:14.619Z"}
info: Server started at http://localhost:5000/api/v1/ {"timestamp":"2025-05-22T16:00:34.049Z"}
info: Connected to the database. {"timestamp":"2025-05-22T16:00:34.613Z"}
info: Server started at http://localhost:5000/api/v1/ {"timestamp":"2025-05-22T16:04:25.715Z"}
info: Connected to the database. {"timestamp":"2025-05-22T16:04:26.275Z"}
error: 
      status - 400
      message - Authorization token is required 
      url - /api/v1/note/archive/1 
      method - PATCH 
      IP - ::1
     {"timestamp":"2025-05-22T16:04:51.081Z"}
info: Server started at http://localhost:5000/api/v1/ {"timestamp":"2025-05-22T16:05:57.469Z"}
info: Connected to the database. {"timestamp":"2025-05-22T16:05:57.763Z"}
info: Server started at http://localhost:5000/api/v1/ {"timestamp":"2025-05-22T16:06:57.873Z"}
info: Connected to the database. {"timestamp":"2025-05-22T16:06:58.343Z"}
error: 
    status - 500 
    message - TokenExpiredError: jwt expired
    at C:\Users\PratikBagul\NodeJsProjects\FundooNotes_Backend\node_modules\jsonwebtoken\verify.js:152:21
    at getSecret (C:\Users\PratikBagul\NodeJsProjects\FundooNotes_Backend\node_modules\jsonwebtoken\verify.js:90:14)
    at Object.verify (C:\Users\PratikBagul\NodeJsProjects\FundooNotes_Backend\node_modules\jsonwebtoken\verify.js:94:10)
    at _callee$ (C:\Users\PratikBagul\NodeJsProjects\FundooNotes_Backend\src\middlewares\/auth.middleware.js:24:31)
    at s (C:\Users\PratikBagul\NodeJsProjects\FundooNotes_Backend\node_modules\@babel\runtime\helpers\regeneratorRuntime.js:75:16)
    at Generator.<anonymous> (C:\Users\PratikBagul\NodeJsProjects\FundooNotes_Backend\node_modules\@babel\runtime\helpers\regeneratorRuntime.js:58:19)
    at Generator.next (C:\Users\PratikBagul\NodeJsProjects\FundooNotes_Backend\node_modules\@babel\runtime\helpers\regeneratorRuntime.js:100:21)
    at asyncGeneratorStep (C:\Users\PratikBagul\NodeJsProjects\FundooNotes_Backend\node_modules\@babel\runtime\helpers\asyncToGenerator.js:3:17)
    at _next (C:\Users\PratikBagul\NodeJsProjects\FundooNotes_Backend\node_modules\@babel\runtime\helpers\asyncToGenerator.js:17:9)
    at C:\Users\PratikBagul\NodeJsProjects\FundooNotes_Backend\node_modules\@babel\runtime\helpers\asyncToGenerator.js:22:7
    at new Promise (<anonymous>)
    at apply (C:\Users\PratikBagul\NodeJsProjects\FundooNotes_Backend\node_modules\@babel\runtime\helpers\asyncToGenerator.js:14:12)
    at userAuth (C:\Users\PratikBagul\NodeJsProjects\FundooNotes_Backend\src\middlewares\/auth.middleware.js:14:22)
    at Layer.handle [as handle_request] (C:\Users\PratikBagul\NodeJsProjects\FundooNotes_Backend\node_modules\express\lib\router\layer.js:95:5)
    at next (C:\Users\PratikBagul\NodeJsProjects\FundooNotes_Backend\node_modules\express\lib\router\route.js:149:13)
    at Route.dispatch (C:\Users\PratikBagul\NodeJsProjects\FundooNotes_Backend\node_modules\express\lib\router\route.js:119:3)
    at Layer.handle [as handle_request] (C:\Users\PratikBagul\NodeJsProjects\FundooNotes_Backend\node_modules\express\lib\router\layer.js:95:5)
    at C:\Users\PratikBagul\NodeJsProjects\FundooNotes_Backend\node_modules\express\lib\router\index.js:284:15
    at param (C:\Users\PratikBagul\NodeJsProjects\FundooNotes_Backend\node_modules\express\lib\router\index.js:365:14)
    at param (C:\Users\PratikBagul\NodeJsProjects\FundooNotes_Backend\node_modules\express\lib\router\index.js:376:14)
    at Function.process_params (C:\Users\PratikBagul\NodeJsProjects\FundooNotes_Backend\node_modules\express\lib\router\index.js:421:3)
    at next (C:\Users\PratikBagul\NodeJsProjects\FundooNotes_Backend\node_modules\express\lib\router\index.js:280:10)
    at Function.handle (C:\Users\PratikBagul\NodeJsProjects\FundooNotes_Backend\node_modules\express\lib\router\index.js:175:3)
    at router (C:\Users\PratikBagul\NodeJsProjects\FundooNotes_Backend\node_modules\express\lib\router\index.js:47:12)
    at Layer.handle [as handle_request] (C:\Users\PratikBagul\NodeJsProjects\FundooNotes_Backend\node_modules\express\lib\router\layer.js:95:5)
    at trim_prefix (C:\Users\PratikBagul\NodeJsProjects\FundooNotes_Backend\node_modules\express\lib\router\index.js:328:13)
    at C:\Users\PratikBagul\NodeJsProjects\FundooNotes_Backend\node_modules\express\lib\router\index.js:286:9
    at Function.process_params (C:\Users\PratikBagul\NodeJsProjects\FundooNotes_Backend\node_modules\express\lib\router\index.js:346:12)
    at next (C:\Users\PratikBagul\NodeJsProjects\FundooNotes_Backend\node_modules\express\lib\router\index.js:280:10)
    at Function.handle (C:\Users\PratikBagul\NodeJsProjects\FundooNotes_Backend\node_modules\express\lib\router\index.js:175:3)
    at router (C:\Users\PratikBagul\NodeJsProjects\FundooNotes_Backend\node_modules\express\lib\router\index.js:47:12)
    at Layer.handle [as handle_request] (C:\Users\PratikBagul\NodeJsProjects\FundooNotes_Backend\node_modules\express\lib\router\layer.js:95:5)
    at trim_prefix (C:\Users\PratikBagul\NodeJsProjects\FundooNotes_Backend\node_modules\express\lib\router\index.js:328:13)
    at C:\Users\PratikBagul\NodeJsProjects\FundooNotes_Backend\node_modules\express\lib\router\index.js:286:9
    at Function.process_params (C:\Users\PratikBagul\NodeJsProjects\FundooNotes_Backend\node_modules\express\lib\router\index.js:346:12)
    at next (C:\Users\PratikBagul\NodeJsProjects\FundooNotes_Backend\node_modules\express\lib\router\index.js:280:10)
    at logger (C:\Users\PratikBagul\NodeJsProjects\FundooNotes_Backend\node_modules\morgan\index.js:144:5)
    at Layer.handle [as handle_request] (C:\Users\PratikBagul\NodeJsProjects\FundooNotes_Backend\node_modules\express\lib\router\layer.js:95:5)
    at trim_prefix (C:\Users\PratikBagul\NodeJsProjects\FundooNotes_Backend\node_modules\express\lib\router\index.js:328:13)
    at C:\Users\PratikBagul\NodeJsProjects\FundooNotes_Backend\node_modules\express\lib\router\index.js:286:9
    at Function.process_params (C:\Users\PratikBagul\NodeJsProjects\FundooNotes_Backend\node_modules\express\lib\router\index.js:346:12)
    at next (C:\Users\PratikBagul\NodeJsProjects\FundooNotes_Backend\node_modules\express\lib\router\index.js:280:10)
    at jsonParser (C:\Users\PratikBagul\NodeJsProjects\FundooNotes_Backend\node_modules\body-parser\lib\types\json.js:113:7)
    at Layer.handle [as handle_request] (C:\Users\PratikBagul\NodeJsProjects\FundooNotes_Backend\node_modules\express\lib\router\layer.js:95:5)
    at trim_prefix (C:\Users\PratikBagul\NodeJsProjects\FundooNotes_Backend\node_modules\express\lib\router\index.js:328:13)
    at C:\Users\PratikBagul\NodeJsProjects\FundooNotes_Backend\node_modules\express\lib\router\index.js:286:9
    at Function.process_params (C:\Users\PratikBagul\NodeJsProjects\FundooNotes_Backend\node_modules\express\lib\router\index.js:346:12)
    at next (C:\Users\PratikBagul\NodeJsProjects\FundooNotes_Backend\node_modules\express\lib\router\index.js:280:10)
    at urlencodedParser (C:\Users\PratikBagul\NodeJsProjects\FundooNotes_Backend\node_modules\body-parser\lib\types\urlencoded.js:94:7)
    at Layer.handle [as handle_request] (C:\Users\PratikBagul\NodeJsProjects\FundooNotes_Backend\node_modules\express\lib\router\layer.js:95:5) 
    url - /api/v1/note/1 
    method - GET 
    IP - ::1
   {"timestamp":"2025-05-22T16:07:11.910Z"}
info: Server started at http://localhost:5000/api/v1/ {"timestamp":"2025-05-22T16:16:38.814Z"}
info: Connected to the database. {"timestamp":"2025-05-22T16:16:39.294Z"}
info: Server started at http://localhost:5000/api/v1/ {"timestamp":"2025-05-22T16:16:54.422Z"}
info: Connected to the database. {"timestamp":"2025-05-22T16:16:54.779Z"}
info: Server started at http://localhost:5000/api/v1/ {"timestamp":"2025-05-22T16:17:24.702Z"}
info: Connected to the database. {"timestamp":"2025-05-22T16:17:25.146Z"}
info: Server started at http://localhost:5000/api/v1/ {"timestamp":"2025-05-22T16:18:20.951Z"}
info: Connected to the database. {"timestamp":"2025-05-22T16:18:21.467Z"}
info: Server started at http://localhost:5000/api/v1/ {"timestamp":"2025-05-22T16:18:32.252Z"}
info: Connected to the database. {"timestamp":"2025-05-22T16:18:32.606Z"}
