info: Server started at http://localhost:5000/api/v1/ {"timestamp":"2025-05-26T06:03:13.477Z"}
info: Connected to the database. {"timestamp":"2025-05-26T06:03:13.867Z"}
info: Server started at http://localhost:5000/api/v1/ {"timestamp":"2025-05-26T07:26:04.500Z"}
info: Connected to the database. {"timestamp":"2025-05-26T07:26:04.829Z"}
info: Server started at http://localhost:5000/api/v1/ {"timestamp":"2025-05-26T07:51:56.943Z"}
info: Connected to the database. {"timestamp":"2025-05-26T07:51:57.412Z"}
error: 
    status - 500 
    message - TokenExpiredError: jwt expired
    at C:\Users\PratikBagul\NodeJsProjects\FundooNotes_Backend\node_modules\jsonwebtoken\verify.js:152:21
    at getSecret (C:\Users\PratikBagul\NodeJsProjects\FundooNotes_Backend\node_modules\jsonwebtoken\verify.js:90:14)
    at Object.verify (C:\Users\PratikBagul\NodeJsProjects\FundooNotes_Backend\node_modules\jsonwebtoken\verify.js:94:10)
    at _callee$ (C:\Users\PratikBagul\NodeJsProjects\FundooNotes_Backend\src\middlewares\/auth.middleware.js:24:31)
    at s (C:\Users\PratikBagul\NodeJsProjects\FundooNotes_Backend\node_modules\@babel\runtime\helpers\regeneratorRuntime.js:75:16)
    at Generator.<anonymous> (C:\Users\PratikBagul\NodeJsProjects\FundooNotes_Backend\node_modules\@babel\runtime\helpers\regeneratorRuntime.js:58:19)
    at Generator.next (C:\Users\PratikBagul\NodeJsProjects\FundooNotes_Backend\node_modules\@babel\runtime\helpers\regeneratorRuntime.js:100:21)
    at asyncGeneratorStep (C:\Users\PratikBagul\NodeJsProjects\FundooNotes_Backend\node_modules\@babel\runtime\helpers\asyncToGenerator.js:3:17)
    at _next (C:\Users\PratikBagul\NodeJsProjects\FundooNotes_Backend\node_modules\@babel\runtime\helpers\asyncToGenerator.js:17:9)
    at C:\Users\PratikBagul\NodeJsProjects\FundooNotes_Backend\node_modules\@babel\runtime\helpers\asyncToGenerator.js:22:7
    at new Promise (<anonymous>)
    at apply (C:\Users\PratikBagul\NodeJsProjects\FundooNotes_Backend\node_modules\@babel\runtime\helpers\asyncToGenerator.js:14:12)
    at userAuth (C:\Users\PratikBagul\NodeJsProjects\FundooNotes_Backend\src\middlewares\/auth.middleware.js:14:22)
    at Layer.handle [as handle_request] (C:\Users\PratikBagul\NodeJsProjects\FundooNotes_Backend\node_modules\express\lib\router\layer.js:95:5)
    at next (C:\Users\PratikBagul\NodeJsProjects\FundooNotes_Backend\node_modules\express\lib\router\route.js:149:13)
    at Route.dispatch (C:\Users\PratikBagul\NodeJsProjects\FundooNotes_Backend\node_modules\express\lib\router\route.js:119:3)
    at Layer.handle [as handle_request] (C:\Users\PratikBagul\NodeJsProjects\FundooNotes_Backend\node_modules\express\lib\router\layer.js:95:5)
    at C:\Users\PratikBagul\NodeJsProjects\FundooNotes_Backend\node_modules\express\lib\router\index.js:284:15
    at Function.process_params (C:\Users\PratikBagul\NodeJsProjects\FundooNotes_Backend\node_modules\express\lib\router\index.js:346:12)
    at next (C:\Users\PratikBagul\NodeJsProjects\FundooNotes_Backend\node_modules\express\lib\router\index.js:280:10)
    at Function.handle (C:\Users\PratikBagul\NodeJsProjects\FundooNotes_Backend\node_modules\express\lib\router\index.js:175:3)
    at router (C:\Users\PratikBagul\NodeJsProjects\FundooNotes_Backend\node_modules\express\lib\router\index.js:47:12)
    at Layer.handle [as handle_request] (C:\Users\PratikBagul\NodeJsProjects\FundooNotes_Backend\node_modules\express\lib\router\layer.js:95:5)
    at trim_prefix (C:\Users\PratikBagul\NodeJsProjects\FundooNotes_Backend\node_modules\express\lib\router\index.js:328:13)
    at C:\Users\PratikBagul\NodeJsProjects\FundooNotes_Backend\node_modules\express\lib\router\index.js:286:9
    at Function.process_params (C:\Users\PratikBagul\NodeJsProjects\FundooNotes_Backend\node_modules\express\lib\router\index.js:346:12)
    at next (C:\Users\PratikBagul\NodeJsProjects\FundooNotes_Backend\node_modules\express\lib\router\index.js:280:10)
    at Function.handle (C:\Users\PratikBagul\NodeJsProjects\FundooNotes_Backend\node_modules\express\lib\router\index.js:175:3)
    at router (C:\Users\PratikBagul\NodeJsProjects\FundooNotes_Backend\node_modules\express\lib\router\index.js:47:12)
    at Layer.handle [as handle_request] (C:\Users\PratikBagul\NodeJsProjects\FundooNotes_Backend\node_modules\express\lib\router\layer.js:95:5)
    at trim_prefix (C:\Users\PratikBagul\NodeJsProjects\FundooNotes_Backend\node_modules\express\lib\router\index.js:328:13)
    at C:\Users\PratikBagul\NodeJsProjects\FundooNotes_Backend\node_modules\express\lib\router\index.js:286:9
    at Function.process_params (C:\Users\PratikBagul\NodeJsProjects\FundooNotes_Backend\node_modules\express\lib\router\index.js:346:12)
    at next (C:\Users\PratikBagul\NodeJsProjects\FundooNotes_Backend\node_modules\express\lib\router\index.js:280:10)
    at logger (C:\Users\PratikBagul\NodeJsProjects\FundooNotes_Backend\node_modules\morgan\index.js:144:5)
    at Layer.handle [as handle_request] (C:\Users\PratikBagul\NodeJsProjects\FundooNotes_Backend\node_modules\express\lib\router\layer.js:95:5)
    at trim_prefix (C:\Users\PratikBagul\NodeJsProjects\FundooNotes_Backend\node_modules\express\lib\router\index.js:328:13)
    at C:\Users\PratikBagul\NodeJsProjects\FundooNotes_Backend\node_modules\express\lib\router\index.js:286:9
    at Function.process_params (C:\Users\PratikBagul\NodeJsProjects\FundooNotes_Backend\node_modules\express\lib\router\index.js:346:12)
    at next (C:\Users\PratikBagul\NodeJsProjects\FundooNotes_Backend\node_modules\express\lib\router\index.js:280:10)
    at C:\Users\PratikBagul\NodeJsProjects\FundooNotes_Backend\node_modules\body-parser\lib\read.js:137:5
    at AsyncResource.runInAsyncScope (node:async_hooks:211:14)
    at invokeCallback (C:\Users\PratikBagul\NodeJsProjects\FundooNotes_Backend\node_modules\raw-body\index.js:238:16)
    at done (C:\Users\PratikBagul\NodeJsProjects\FundooNotes_Backend\node_modules\raw-body\index.js:227:7)
    at IncomingMessage.onEnd (C:\Users\PratikBagul\NodeJsProjects\FundooNotes_Backend\node_modules\raw-body\index.js:287:7)
    at IncomingMessage.emit (node:events:524:28)
    at IncomingMessage.emit (node:domain:489:12)
    at endReadableNT (node:internal/streams/readable:1698:12)
    at processTicksAndRejections (node:internal/process/task_queues:90:21) 
    url - /api/v1/note 
    method - POST 
    IP - ::1
   {"timestamp":"2025-05-26T07:52:43.768Z"}
info: Server started at http://localhost:5000/api/v1/ {"timestamp":"2025-05-26T07:56:04.541Z"}
info: Connected to the database. {"timestamp":"2025-05-26T07:56:05.096Z"}
info: Server started at http://localhost:5000/api/v1/ {"timestamp":"2025-05-26T07:58:17.796Z"}
info: Connected to the database. {"timestamp":"2025-05-26T07:58:18.425Z"}
error: 
    status - 500 
    message - SyntaxError: Expected double-quoted property name in JSON at position 44 (line 4 column 1)
    at JSON.parse (<anonymous>)
    at parse (C:\Users\PratikBagul\NodeJsProjects\FundooNotes_Backend\node_modules\body-parser\lib\types\json.js:92:19)
    at C:\Users\PratikBagul\NodeJsProjects\FundooNotes_Backend\node_modules\body-parser\lib\read.js:128:18
    at AsyncResource.runInAsyncScope (node:async_hooks:211:14)
    at invokeCallback (C:\Users\PratikBagul\NodeJsProjects\FundooNotes_Backend\node_modules\raw-body\index.js:238:16)
    at done (C:\Users\PratikBagul\NodeJsProjects\FundooNotes_Backend\node_modules\raw-body\index.js:227:7)
    at IncomingMessage.onEnd (C:\Users\PratikBagul\NodeJsProjects\FundooNotes_Backend\node_modules\raw-body\index.js:287:7)
    at IncomingMessage.emit (node:events:524:28)
    at IncomingMessage.emit (node:domain:489:12)
    at endReadableNT (node:internal/streams/readable:1698:12)
    at processTicksAndRejections (node:internal/process/task_queues:90:21) 
    url - /api/v1/users/login 
    method - POST 
    IP - ::1
   {"timestamp":"2025-05-26T07:58:43.164Z"}
info: Server started at http://localhost:5000/api/v1/ {"timestamp":"2025-05-26T08:02:21.708Z"}
info: Connected to the database. {"timestamp":"2025-05-26T08:02:22.096Z"}
info: Server started at http://localhost:5000/api/v1/ {"timestamp":"2025-05-26T08:03:12.856Z"}
info: Connected to the database. {"timestamp":"2025-05-26T08:03:13.494Z"}
info: Server started at http://localhost:5000/api/v1/ {"timestamp":"2025-05-26T08:04:31.442Z"}
info: Connected to the database. {"timestamp":"2025-05-26T08:04:31.981Z"}
info: Server started at http://localhost:5000/api/v1/ {"timestamp":"2025-05-26T08:05:12.400Z"}
info: Connected to the database. {"timestamp":"2025-05-26T08:05:12.986Z"}
info: Server started at http://localhost:5000/api/v1/ {"timestamp":"2025-05-26T08:21:11.365Z"}
info: Connected to the database. {"timestamp":"2025-05-26T08:21:11.596Z"}
info: Server started at http://localhost:5000/api/v1/ {"timestamp":"2025-05-26T08:21:42.858Z"}
info: Connected to the database. {"timestamp":"2025-05-26T08:21:43.233Z"}
info: Server started at http://localhost:5000/api/v1/ {"timestamp":"2025-05-26T08:24:37.402Z"}
info: Connected to the database. {"timestamp":"2025-05-26T08:24:37.684Z"}
info: Server started at http://localhost:5000/api/v1/ {"timestamp":"2025-05-26T08:26:21.599Z"}
info: Connected to the database. {"timestamp":"2025-05-26T08:26:21.831Z"}
info: Server started at http://localhost:5000/api/v1/ {"timestamp":"2025-05-26T08:51:05.088Z"}
info: Connected to the database. {"timestamp":"2025-05-26T08:51:05.457Z"}
info: Server started at http://localhost:5000/api/v1/ {"timestamp":"2025-05-26T08:53:57.331Z"}
info: Connected to the database. {"timestamp":"2025-05-26T08:53:57.597Z"}
info: Server started at http://localhost:5000/api/v1/ {"timestamp":"2025-05-26T08:55:00.650Z"}
info: Connected to the database. {"timestamp":"2025-05-26T08:55:00.893Z"}
info: Server started at http://localhost:5000/api/v1/ {"timestamp":"2025-05-26T09:54:32.404Z"}
info: Connected to the database. {"timestamp":"2025-05-26T09:54:32.741Z"}
info: Server started at http://localhost:5000/api/v1/ {"timestamp":"2025-05-26T10:15:46.419Z"}
info: Connected to the database. {"timestamp":"2025-05-26T10:15:46.760Z"}
info: Server started at http://localhost:5000/api/v1/ {"timestamp":"2025-05-26T10:17:42.540Z"}
info: Connected to the database. {"timestamp":"2025-05-26T10:17:43.026Z"}
info: Server started at http://localhost:5000/api/v1/ {"timestamp":"2025-05-26T10:28:20.234Z"}
info: Connected to the database. {"timestamp":"2025-05-26T10:28:20.717Z"}
info: Server started at http://localhost:5000/api/v1/ {"timestamp":"2025-05-26T10:29:31.012Z"}
info: Connected to the database. {"timestamp":"2025-05-26T10:29:31.486Z"}
info: Server started at http://localhost:5000/api/v1/ {"timestamp":"2025-05-26T10:54:52.591Z"}
info: Connected to the database. {"timestamp":"2025-05-26T10:54:52.993Z"}
info: Server started at http://localhost:5000/api/v1/ {"timestamp":"2025-05-26T10:55:37.151Z"}
info: Connected to the database. {"timestamp":"2025-05-26T10:55:37.535Z"}
info: Server started at http://localhost:5000/api/v1/ {"timestamp":"2025-05-26T10:59:14.811Z"}
info: Connected to the database. {"timestamp":"2025-05-26T10:59:15.241Z"}
